<?xml version="1.0" encoding="UTF-8"?>
<!-- Generated by org.testng.reporters.JUnitXMLReporter -->
<testsuite ignored="25" hostname="HL6T2B3" failures="1" tests="4" name="Test" time="153.829" errors="0" timestamp="2024-12-13T18:26:53 CST">
  <testcase classname="JavaMavenTestNG.JavaMavenTestNG.NewTest" name="test1" time="64.698">
    <failure type="java.lang.NullPointerException">
      <![CDATA[java.lang.NullPointerException
at org.openqa.selenium.support.ui.ExpectedConditions$6.apply(ExpectedConditions.java:171)
at org.openqa.selenium.support.ui.ExpectedConditions$6.apply(ExpectedConditions.java:168)
at org.openqa.selenium.support.ui.FluentWait.until(FluentWait.java:203)
at JavaMavenTestNG.JavaMavenTestNG.Test1.verifyTextOnPage(Test1.java:2366)
at JavaMavenTestNG.JavaMavenTestNG.NewTest.test1(NewTest.java:43)
at java.base/java.util.ArrayList.forEach(ArrayList.java:1540)
... Removed 27 stack frames]]>
    </failure>
  </testcase> <!-- test1 -->
  <testcase classname="JavaMavenTestNG.JavaMavenTestNG.NewTest" name="test2" time="0.003"/>
  <testcase classname="JavaMavenTestNG.JavaMavenTestNG.NewTest" name="test3" time="0.001"/>
  <testcase classname="JavaMavenTestNG.JavaMavenTestNG.Test1" name="crmTest1" time="83.309"/>
  <testcase classname="JavaMavenTestNG.JavaMavenTestNG.Test1" name="crmTest06" time="0.0">
    <ignored/>
  </testcase> <!-- crmTest06 -->
  <testcase classname="JavaMavenTestNG.JavaMavenTestNG.Test1" name="crmTest06" time="0.0">
    <ignored/>
  </testcase> <!-- crmTest06 -->
  <testcase classname="JavaMavenTestNG.JavaMavenTestNG.Test1" name="crmTest02" time="0.0">
    <ignored/>
  </testcase> <!-- crmTest02 -->
  <testcase classname="JavaMavenTestNG.JavaMavenTestNG.Test1" name="crmTest02" time="0.0">
    <ignored/>
  </testcase> <!-- crmTest02 -->
  <testcase classname="JavaMavenTestNG.JavaMavenTestNG.Test1" name="crmTest3" time="0.0">
    <ignored/>
  </testcase> <!-- crmTest3 -->
  <testcase classname="JavaMavenTestNG.JavaMavenTestNG.Test1" name="crmTest3" time="0.0">
    <ignored/>
  </testcase> <!-- crmTest3 -->
  <testcase classname="JavaMavenTestNG.JavaMavenTestNG.Test1" name="crmTest8" time="0.0">
    <ignored/>
  </testcase> <!-- crmTest8 -->
  <testcase classname="JavaMavenTestNG.JavaMavenTestNG.Test1" name="crmTest8" time="0.0">
    <ignored/>
  </testcase> <!-- crmTest8 -->
  <testcase classname="JavaMavenTestNG.JavaMavenTestNG.Test1" name="crmTest9" time="0.0">
    <ignored/>
  </testcase> <!-- crmTest9 -->
  <testcase classname="JavaMavenTestNG.JavaMavenTestNG.Test1" name="crmTest9" time="0.0">
    <ignored/>
  </testcase> <!-- crmTest9 -->
  <testcase classname="JavaMavenTestNG.JavaMavenTestNG.Test1" name="crmTest4" time="0.0">
    <ignored/>
  </testcase> <!-- crmTest4 -->
  <testcase classname="JavaMavenTestNG.JavaMavenTestNG.Test1" name="crmTest4" time="0.0">
    <ignored/>
  </testcase> <!-- crmTest4 -->
  <testcase classname="JavaMavenTestNG.JavaMavenTestNG.Test1" name="crmTest6" time="0.0">
    <ignored/>
  </testcase> <!-- crmTest6 -->
  <testcase classname="JavaMavenTestNG.JavaMavenTestNG.Test1" name="crmTest6" time="0.0">
    <ignored/>
  </testcase> <!-- crmTest6 -->
  <testcase classname="JavaMavenTestNG.JavaMavenTestNG.Test1" name="crmTest002" time="0.0">
    <ignored/>
  </testcase> <!-- crmTest002 -->
  <testcase classname="JavaMavenTestNG.JavaMavenTestNG.Test1" name="crmTest5" time="0.0">
    <ignored/>
  </testcase> <!-- crmTest5 -->
  <testcase classname="JavaMavenTestNG.JavaMavenTestNG.Test1" name="crmTest002" time="0.0">
    <ignored/>
  </testcase> <!-- crmTest002 -->
  <testcase classname="JavaMavenTestNG.JavaMavenTestNG.Test1" name="crmTest5" time="0.0">
    <ignored/>
  </testcase> <!-- crmTest5 -->
  <testcase classname="JavaMavenTestNG.JavaMavenTestNG.Test1" name="crmTest7" time="0.0">
    <ignored/>
  </testcase> <!-- crmTest7 -->
  <testcase classname="JavaMavenTestNG.JavaMavenTestNG.Test1" name="crmTest7" time="0.0">
    <ignored/>
  </testcase> <!-- crmTest7 -->
  <testcase classname="JavaMavenTestNG.JavaMavenTestNG.Test1" name="crmTest2" time="0.0">
    <ignored/>
  </testcase> <!-- crmTest2 -->
  <testcase classname="JavaMavenTestNG.JavaMavenTestNG.Test1" name="crmTest2" time="0.0">
    <ignored/>
  </testcase> <!-- crmTest2 -->
  <testcase classname="JavaMavenTestNG.JavaMavenTestNG.Test1" name="crmTest1" time="0.0">
    <ignored/>
  </testcase> <!-- crmTest1 -->
  <testcase classname="JavaMavenTestNG.JavaMavenTestNG.Test1" name="crmTest10" time="0.0">
    <ignored/>
  </testcase> <!-- crmTest10 -->
  <testcase classname="JavaMavenTestNG.JavaMavenTestNG.Test1" name="crmTest10" time="0.0">
    <ignored/>
  </testcase> <!-- crmTest10 -->
</testsuite> <!-- Test -->
