<?xml version="1.0" encoding="UTF-8"?>
<!-- Generated by org.testng.reporters.JUnitXMLReporter -->
<testsuite ignored="0" hostname="HL6T2B3" failures="7" tests="16" name="loanCalculatorTest [43103.0]" time="456.056" errors="0" timestamp="2024-12-19T09:50:39 CST">
  <testcase classname="JavaMavenTestNG.JavaMavenTestNG.LoanCalculatorTestClass" name="loanCalculatorTest" time="31.09"/>
  <testcase classname="JavaMavenTestNG.JavaMavenTestNG.LoanCalculatorTestClass" name="loanCalculatorTest" time="28.198"/>
  <testcase classname="JavaMavenTestNG.JavaMavenTestNG.LoanCalculatorTestClass" name="loanCalculatorTest" time="28.335"/>
  <testcase classname="JavaMavenTestNG.JavaMavenTestNG.LoanCalculatorTestClass" name="loanCalculatorTest" time="28.319"/>
  <testcase classname="JavaMavenTestNG.JavaMavenTestNG.LoanCalculatorTestClass" name="loanCalculatorTest" time="78.255">
    <failure type="org.openqa.selenium.NoSuchElementException" message="Cannot locate option with text: $2001-$3000
For documentation on this error, please visit: https://www.selenium.dev/documentation/webdriver/troubleshooting/errors#no-such-element-exception
Build info: version: &amp;apos;4.25.0&amp;apos;, revision: &amp;apos;8a8aea2337&amp;apos;
System info: os.name: &amp;apos;Windows 10&amp;apos;, os.arch: &amp;apos;amd64&amp;apos;, os.version: &amp;apos;10.0&amp;apos;, java.version: &amp;apos;11.0.0.2&amp;apos;
Driver info: driver.version: unknown">
      <![CDATA[org.openqa.selenium.NoSuchElementException: Cannot locate option with text: $2001-$3000
For documentation on this error, please visit: https://www.selenium.dev/documentation/webdriver/troubleshooting/errors#no-such-element-exception
Build info: version: '4.25.0', revision: '8a8aea2337'
System info: os.name: 'Windows 10', os.arch: 'amd64', os.version: '10.0', java.version: '11.0.0.2'
Driver info: driver.version: unknown
at org.openqa.selenium.support.ui.Select.selectByVisibleText(Select.java:153)
at JavaMavenTestNG.JavaMavenTestNG.LoanCalculatorTestClass.loanCalculatorTest(LoanCalculatorTestClass.java:81)
at java.base/java.util.ArrayList.forEach(ArrayList.java:1540)
... Removed 27 stack frames]]>
    </failure>
  </testcase> <!-- loanCalculatorTest -->
  <testcase classname="JavaMavenTestNG.JavaMavenTestNG.LoanCalculatorTestClass" name="loanCalculatorTest" time="28.741"/>
  <testcase classname="JavaMavenTestNG.JavaMavenTestNG.LoanCalculatorTestClass" name="loanCalculatorTest" time="28.463"/>
  <testcase classname="JavaMavenTestNG.JavaMavenTestNG.LoanCalculatorTestClass" name="loanCalculatorTest" time="28.742"/>
  <testcase classname="JavaMavenTestNG.JavaMavenTestNG.LoanCalculatorTestClass" name="loanCalculatorTest" time="28.514"/>
  <testcase classname="JavaMavenTestNG.JavaMavenTestNG.LoanCalculatorTestClass" name="loanCalculatorTest" time="18.468">
    <failure type="java.lang.UnsupportedOperationException" message="You may not select an option in disabled select">
      <![CDATA[java.lang.UnsupportedOperationException: You may not select an option in disabled select
at org.openqa.selenium.support.ui.Select.assertSelectIsEnabled(Select.java:327)
at org.openqa.selenium.support.ui.Select.selectByVisibleText(Select.java:111)
at JavaMavenTestNG.JavaMavenTestNG.LoanCalculatorTestClass.loanCalculatorTest(LoanCalculatorTestClass.java:81)
at java.base/java.util.ArrayList.forEach(ArrayList.java:1540)
... Removed 27 stack frames]]>
    </failure>
  </testcase> <!-- loanCalculatorTest -->
  <testcase classname="JavaMavenTestNG.JavaMavenTestNG.LoanCalculatorTestClass" name="loanCalculatorTest" time="18.356">
    <failure type="java.lang.UnsupportedOperationException" message="You may not select an option in disabled select">
      <![CDATA[java.lang.UnsupportedOperationException: You may not select an option in disabled select
at org.openqa.selenium.support.ui.Select.assertSelectIsEnabled(Select.java:327)
at org.openqa.selenium.support.ui.Select.selectByVisibleText(Select.java:111)
at JavaMavenTestNG.JavaMavenTestNG.LoanCalculatorTestClass.loanCalculatorTest(LoanCalculatorTestClass.java:81)
at java.base/java.util.ArrayList.forEach(ArrayList.java:1540)
... Removed 27 stack frames]]>
    </failure>
  </testcase> <!-- loanCalculatorTest -->
  <testcase classname="JavaMavenTestNG.JavaMavenTestNG.LoanCalculatorTestClass" name="loanCalculatorTest" time="18.641">
    <failure type="java.lang.UnsupportedOperationException" message="You may not select an option in disabled select">
      <![CDATA[java.lang.UnsupportedOperationException: You may not select an option in disabled select
at org.openqa.selenium.support.ui.Select.assertSelectIsEnabled(Select.java:327)
at org.openqa.selenium.support.ui.Select.selectByVisibleText(Select.java:111)
at JavaMavenTestNG.JavaMavenTestNG.LoanCalculatorTestClass.loanCalculatorTest(LoanCalculatorTestClass.java:81)
at java.base/java.util.ArrayList.forEach(ArrayList.java:1540)
... Removed 27 stack frames]]>
    </failure>
  </testcase> <!-- loanCalculatorTest -->
  <testcase classname="JavaMavenTestNG.JavaMavenTestNG.LoanCalculatorTestClass" name="loanCalculatorTest" time="18.369">
    <failure type="java.lang.UnsupportedOperationException" message="You may not select an option in disabled select">
      <![CDATA[java.lang.UnsupportedOperationException: You may not select an option in disabled select
at org.openqa.selenium.support.ui.Select.assertSelectIsEnabled(Select.java:327)
at org.openqa.selenium.support.ui.Select.selectByVisibleText(Select.java:111)
at JavaMavenTestNG.JavaMavenTestNG.LoanCalculatorTestClass.loanCalculatorTest(LoanCalculatorTestClass.java:81)
at java.base/java.util.ArrayList.forEach(ArrayList.java:1540)
... Removed 27 stack frames]]>
    </failure>
  </testcase> <!-- loanCalculatorTest -->
  <testcase classname="JavaMavenTestNG.JavaMavenTestNG.LoanCalculatorTestClass" name="loanCalculatorTest" time="28.975"/>
  <testcase classname="JavaMavenTestNG.JavaMavenTestNG.LoanCalculatorTestClass" name="loanCalculatorTest" time="18.435">
    <failure type="java.lang.UnsupportedOperationException" message="You may not select an option in disabled select">
      <![CDATA[java.lang.UnsupportedOperationException: You may not select an option in disabled select
at org.openqa.selenium.support.ui.Select.assertSelectIsEnabled(Select.java:327)
at org.openqa.selenium.support.ui.Select.selectByVisibleText(Select.java:111)
at JavaMavenTestNG.JavaMavenTestNG.LoanCalculatorTestClass.loanCalculatorTest(LoanCalculatorTestClass.java:81)
at java.base/java.util.ArrayList.forEach(ArrayList.java:1540)
... Removed 27 stack frames]]>
    </failure>
  </testcase> <!-- loanCalculatorTest -->
  <testcase classname="JavaMavenTestNG.JavaMavenTestNG.LoanCalculatorTestClass" name="loanCalculatorTest" time="18.378">
    <failure type="java.lang.UnsupportedOperationException" message="You may not select an option in disabled select">
      <![CDATA[java.lang.UnsupportedOperationException: You may not select an option in disabled select
at org.openqa.selenium.support.ui.Select.assertSelectIsEnabled(Select.java:327)
at org.openqa.selenium.support.ui.Select.selectByVisibleText(Select.java:111)
at JavaMavenTestNG.JavaMavenTestNG.LoanCalculatorTestClass.loanCalculatorTest(LoanCalculatorTestClass.java:81)
at java.base/java.util.ArrayList.forEach(ArrayList.java:1540)
... Removed 27 stack frames]]>
    </failure>
  </testcase> <!-- loanCalculatorTest -->
</testsuite> <!-- loanCalculatorTest [43103.0] -->
