<?xml version="1.0" encoding="UTF-8"?>
<!-- Generated by org.testng.reporters.JUnitXMLReporter -->
<testsuite ignored="0" hostname="HL6T2B3" failures="0" tests="7" name="Default test" time="983.594" errors="0" timestamp="2024-11-27T17:05:51 CST">
  <testcase classname="JavaMavenTestNG.JavaMavenTestNG.Test1" name="crmTest1" time="60.537"/>
  <testcase classname="JavaMavenTestNG.JavaMavenTestNG.Test1" name="crmTest2" time="104.077"/>
  <testcase classname="JavaMavenTestNG.JavaMavenTestNG.Test1" name="crmTest3" time="87.724"/>
  <testcase classname="JavaMavenTestNG.JavaMavenTestNG.Test1" name="crmTest4" time="55.008"/>
  <testcase classname="JavaMavenTestNG.JavaMavenTestNG.Test1" name="crmTest5" time="149.289"/>
  <testcase classname="JavaMavenTestNG.JavaMavenTestNG.Test1" name="crmTest6" time="118.405"/>
  <testcase classname="JavaMavenTestNG.JavaMavenTestNG.Test1" name="crmTest7" time="403.947"/>
</testsuite> <!-- Default test -->
