<?xml version="1.0" encoding="UTF-8"?>
<testsuite xmlns:xsi="http://www.w3.org/2001/XMLSchema-instance" xsi:noNamespaceSchemaLocation="https://maven.apache.org/surefire/maven-surefire-plugin/xsd/surefire-test-report-3.0.xsd" version="3.0" name="TestSuite" time="143.72" tests="2" errors="0" skipped="0" failures="0">
  <properties>
[...]
</properties>
  <testcase name="crmTest1" classname="JavaMavenTestNG.JavaMavenTestNG.Test1" time="82.57"/>
  <testcase name="crmTest2" classname="JavaMavenTestNG.JavaMavenTestNG.Test1" time="57.057"/>
</testsuite>